{
  "0 debug pnpm:scope": {
    "selected": 1
  },
  "1 info pnpm": {
    "err": {
      "name": "Error",
      "message": "not found: release",
      "code": "ENOENT",
      "stack": "Error: not found: release\n    at getNotFoundError (/home/jeanlescure/.nvm/versions/node/v14.19.0/lib/node_modules/pnpm/dist/pnpm.cjs:41576:51)\n    at Function.whichSync [as sync] (/home/jeanlescure/.nvm/versions/node/v14.19.0/lib/node_modules/pnpm/dist/pnpm.cjs:41653:13)\n    at getCommandAbsolutePathSync (/home/jeanlescure/.nvm/versions/node/v14.19.0/lib/node_modules/pnpm/dist/pnpm.cjs:43218:44)\n    at default_1 (/home/jeanlescure/.nvm/versions/node/v14.19.0/lib/node_modules/pnpm/dist/pnpm.cjs:43227:32)\n    at /home/jeanlescure/.nvm/versions/node/v14.19.0/lib/node_modules/pnpm/dist/pnpm.cjs:178035:39"
    }
  },
  "2 error pnpm": {
    "code": "ERR_PNPM_RECURSIVE_EXEC_FIRST_FAIL",
    "prefix": "/home/jeanlescure/Work/Code/12021-09-06--OPENSOURCE--simplyhexagonal/standard-constants",
    "err": {
      "name": "pnpm",
      "message": "not found: release",
      "code": "ERR_PNPM_RECURSIVE_EXEC_FIRST_FAIL",
      "stack": "Error: not found: release\n    at getNotFoundError (/home/jeanlescure/.nvm/versions/node/v14.19.0/lib/node_modules/pnpm/dist/pnpm.cjs:41576:51)\n    at Function.whichSync [as sync] (/home/jeanlescure/.nvm/versions/node/v14.19.0/lib/node_modules/pnpm/dist/pnpm.cjs:41653:13)\n    at getCommandAbsolutePathSync (/home/jeanlescure/.nvm/versions/node/v14.19.0/lib/node_modules/pnpm/dist/pnpm.cjs:43218:44)\n    at default_1 (/home/jeanlescure/.nvm/versions/node/v14.19.0/lib/node_modules/pnpm/dist/pnpm.cjs:43227:32)\n    at /home/jeanlescure/.nvm/versions/node/v14.19.0/lib/node_modules/pnpm/dist/pnpm.cjs:178035:39"
    }
  }
}